0 info it worked if it ends with ok
1 verbose cli [
1 verbose cli   '/usr/bin/node',
1 verbose cli   '/home/synelixis/Desktop/Seminars/node_modules/.bin/npm',
1 verbose cli   'install',
1 verbose cli   '--global',
1 verbose cli   '--loglevel',
1 verbose cli   'error',
1 verbose cli   'expo-cli'
1 verbose cli ]
2 info using npm@2.15.12
3 info using node@v12.22.9
4 verbose install initial load of /usr/local/lib/package.json
5 verbose readDependencies loading dependencies from /usr/local/lib/package.json
6 silly cache add args [ 'expo-cli', null ]
7 verbose cache add spec expo-cli
8 silly cache add parsed spec Result {
8 silly cache add   raw: 'expo-cli',
8 silly cache add   scope: null,
8 silly cache add   name: 'expo-cli',
8 silly cache add   rawSpec: '',
8 silly cache add   spec: 'latest',
8 silly cache add   type: 'tag'
8 silly cache add }
9 silly addNamed expo-cli@latest
10 verbose addNamed "latest" is being treated as a dist-tag for expo-cli
11 info addNameTag [ 'expo-cli', 'latest' ]
12 silly mapToRegistry name expo-cli
13 silly mapToRegistry using default registry
14 silly mapToRegistry registry https://registry.npmjs.org/
15 silly mapToRegistry data Result {
15 silly mapToRegistry   raw: 'expo-cli',
15 silly mapToRegistry   scope: null,
15 silly mapToRegistry   name: 'expo-cli',
15 silly mapToRegistry   rawSpec: '',
15 silly mapToRegistry   spec: 'latest',
15 silly mapToRegistry   type: 'tag'
15 silly mapToRegistry }
16 silly mapToRegistry uri https://registry.npmjs.org/expo-cli
17 verbose addNameTag registry:https://registry.npmjs.org/expo-cli not in flight; fetching
18 verbose request uri https://registry.npmjs.org/expo-cli
19 verbose request no auth needed
20 info attempt registry request try #1 at 12:08:55 PM
21 verbose request id 49c07180a4ad4f07
22 verbose etag W/"0ea1f4fb1d22bf4a1c4598e08d55815c"
23 verbose lastModified Fri, 26 Jan 2024 22:05:55 GMT
24 http request GET https://registry.npmjs.org/expo-cli
25 http 304 https://registry.npmjs.org/expo-cli
26 verbose headers {
26 verbose headers   date: 'Tue, 16 Apr 2024 09:08:56 GMT',
26 verbose headers   connection: 'keep-alive',
26 verbose headers   'cf-ray': '8753089b18c4ee6b-ATH',
26 verbose headers   'cf-cache-status': 'HIT',
26 verbose headers   'cache-control': 'public, max-age=300',
26 verbose headers   etag: '"0ea1f4fb1d22bf4a1c4598e08d55815c"',
26 verbose headers   'last-modified': 'Fri, 26 Jan 2024 22:05:55 GMT',
26 verbose headers   vary: 'Accept-Encoding',
26 verbose headers   server: 'cloudflare'
26 verbose headers }
27 silly get cb [
27 silly get   304,
27 silly get   {
27 silly get     date: 'Tue, 16 Apr 2024 09:08:56 GMT',
27 silly get     connection: 'keep-alive',
27 silly get     'cf-ray': '8753089b18c4ee6b-ATH',
27 silly get     'cf-cache-status': 'HIT',
27 silly get     'cache-control': 'public, max-age=300',
27 silly get     etag: '"0ea1f4fb1d22bf4a1c4598e08d55815c"',
27 silly get     'last-modified': 'Fri, 26 Jan 2024 22:05:55 GMT',
27 silly get     vary: 'Accept-Encoding',
27 silly get     server: 'cloudflare'
27 silly get   }
27 silly get ]
28 verbose etag https://registry.npmjs.org/expo-cli from cache
29 verbose get saving expo-cli to /home/synelixis/.npm/registry.npmjs.org/expo-cli/.cache.json
30 verbose correctMkdir /home/synelixis/.npm correctMkdir not in flight; initializing
31 silly addNameTag next cb for expo-cli with tag latest
32 silly addNamed expo-cli@6.3.10
33 verbose addNamed "6.3.10" is a plain semver version for expo-cli
34 warn deprecated expo-cli@6.3.10: The global Expo CLI has been superseded by 'npx expo' and eas-cli –– Learn more: https://blog.expo.dev/the-new-expo-cli-f4250d8e3421
35 silly cache afterAdd expo-cli@6.3.10
36 verbose afterAdd /home/synelixis/.npm/expo-cli/6.3.10/package/package.json not in flight; writing
37 verbose correctMkdir /home/synelixis/.npm correctMkdir not in flight; initializing
38 verbose afterAdd /home/synelixis/.npm/expo-cli/6.3.10/package/package.json written
39 silly install resolved [
39 silly install resolved   {
39 silly install resolved     name: 'expo-cli',
39 silly install resolved     version: '6.3.10',
39 silly install resolved     description: 'The command-line tool for creating and publishing Expo apps',
39 silly install resolved     preferGlobal: true,
39 silly install resolved     main: 'build/exp.js',
39 silly install resolved     scripts: {
39 silly install resolved       start: 'yarn run prepare && yarn run watch',
39 silly install resolved       build: 'tsc --emitDeclarationOnly && babel src --out-dir build --extensions ".ts" --source-maps --ignore "src/**/__mocks__/*","src/**/__tests__/*"',
39 silly install resolved       watch: 'tsc --watch --preserveWatchOutput',
39 silly install resolved       introspect: 'FORCE_COLOR=0 ts-node ./scripts/introspect.ts',
39 silly install resolved       prepare: 'yarn run clean && yarn run build',
39 silly install resolved       clean: 'rimraf build ./tsconfig.tsbuildinfo',
39 silly install resolved       preversion: 'node ./scripts/preversion.js',
39 silly install resolved       test: 'jest',
39 silly install resolved       'test:e2e': 'cross-env E2E=1 jest',
39 silly install resolved       'test:watch': 'jest --watch'
39 silly install resolved     },
39 silly install resolved     bin: { expo: 'bin/expo.js', 'expo-cli': 'bin/expo.js' },
39 silly install resolved     repository: {
39 silly install resolved       type: 'git',
39 silly install resolved       url: 'git+https://github.com/expo/expo-cli.git',
39 silly install resolved       directory: 'packages/expo-cli'
39 silly install resolved     },
39 silly install resolved     keywords: [ 'expo', 'react-native' ],
39 silly install resolved     license: 'MIT',
39 silly install resolved     bugs: { url: 'https://github.com/expo/expo-cli/issues' },
39 silly install resolved     homepage: 'https://github.com/expo/expo-cli/tree/main/packages/expo-cli#readme',
39 silly install resolved     volta: { extends: '../../package.json' },
39 silly install resolved     devDependencies: {
39 silly install resolved       '@babel/core': '^7.9.0',
39 silly install resolved       '@types/cacache': '^15.0.1',
39 silly install resolved       '@types/command-exists': '^1.2.0',
39 silly install resolved       '@types/dateformat': '^3.0.0',
39 silly install resolved       '@types/fs-extra': '^9.0.1',
39 silly install resolved       '@types/hashids': '^1.0.30',
39 silly install resolved       '@types/js-yaml': '^3.12.2',
39 silly install resolved       '@types/klaw-sync': '^6.0.0',
39 silly install resolved       '@types/minipass': '^3.1.2',
39 silly install resolved       '@types/npm-package-arg': '^6.1.0',
39 silly install resolved       '@types/pngjs': '^3.4.1',
39 silly install resolved       '@types/progress': '^2.0.3',
39 silly install resolved       '@types/prompts': '^2.0.6',
39 silly install resolved       '@types/tar': '^6.1.1',
39 silly install resolved       '@types/untildify': '^3.0.0',
39 silly install resolved       '@types/url-join': '^4.0.0',
39 silly install resolved       '@types/wrap-ansi': '^3.0.0',
39 silly install resolved       'klaw-sync': '6.0.0',
39 silly install resolved       memfs: '^3.2.0',
39 silly install resolved       'pretty-bytes': '^5.3.0'
39 silly install resolved     },
39 silly install resolved     dependencies: {
39 silly install resolved       '@babel/runtime': '7.9.0',
39 silly install resolved       '@expo/apple-utils': '1.0.0',
39 silly install resolved       '@expo/bunyan': '4.0.0',
39 silly install resolved       '@expo/config': '6.0.24',
39 silly install resolved       '@expo/config-plugins': '4.1.5',
39 silly install resolved       '@expo/dev-server': '0.2.0',
39 silly install resolved       '@expo/json-file': '8.2.37',
39 silly install resolved       '@expo/osascript': '2.0.33',
39 silly install resolved       '@expo/package-manager': '0.0.56',
39 silly install resolved       '@expo/plist': '0.0.20',
39 silly install resolved       '@expo/prebuild-config': '4.0.3',
39 silly install resolved       '@expo/spawn-async': '1.5.0',
39 silly install resolved       '@expo/xcpretty': '^4.1.0',
39 silly install resolved       'better-opn': '^3.0.1',
39 silly install resolved       boxen: '^5.0.1',
39 silly install resolved       'bplist-parser': '0.2.0',
39 silly install resolved       cacache: '^15.3.0',
39 silly install resolved       chalk: '^4.0.0',
39 silly install resolved       'cli-table3': '^0.6.0',
39 silly install resolved       'command-exists': '^1.2.8',
39 silly install resolved       commander: '2.17.1',
39 silly install resolved       dateformat: '3.0.3',
39 silly install resolved       'env-editor': '^0.4.1',
39 silly install resolved       'find-up': '^5.0.0',
39 silly install resolved       'find-yarn-workspace-root': '~2.0.0',
39 silly install resolved       'fs-extra': '9.0.0',
39 silly install resolved       getenv: '^1.0.0',
39 silly install resolved       glob: '7.1.6',
39 silly install resolved       got: '^11.1.4',
39 silly install resolved       hashids: '1.1.4',
39 silly install resolved       joi: '^17.4.0',
39 silly install resolved       'js-yaml': '^3.13.1',
39 silly install resolved       keychain: '1.3.0',
39 silly install resolved       leven: '^3.1.0',
39 silly install resolved       lodash: '^4.17.19',
39 silly install resolved       minipass: '3.1.6',
39 silly install resolved       'npm-package-arg': '6.1.0',
39 silly install resolved       ora: '3.4.0',
39 silly install resolved       pngjs: '3.4.0',
39 silly install resolved       progress: '2.0.3',
39 silly install resolved       prompts: '^2.3.2',
39 silly install resolved       'qrcode-terminal': '0.11.0',
39 silly install resolved       'read-last-lines': '1.6.0',
39 silly install resolved       'resolve-from': '^5.0.0',
39 silly install resolved       semver: '7.3.2',
39 silly install resolved       slugify: '^1.3.4',
39 silly install resolved       'strip-ansi': '^6.0.0',
39 silly install resolved       tar: '^6.0.5',
39 silly install resolved       tempy: '^0.7.1',
39 silly install resolved       'terminal-link': '^2.1.1',
39 silly install resolved       turndown: '~7.0.0',
39 silly install resolved       untildify: '3.0.3',
39 silly install resolved       'url-join': '4.0.0',
39 silly install resolved       uuid: '^8.0.0',
39 silly install resolved       'wrap-ansi': '^7.0.0',
39 silly install resolved       xdl: '60.0.10'
39 silly install resolved     },
39 silly install resolved     types: './build/exp.d.ts',
39 silly install resolved     gitHead: 'ee08527cf62993131bd22f7f5229e5260f4b0347',
39 silly install resolved     _id: 'expo-cli@6.3.10',
39 silly install resolved     _nodeVersion: '16.18.1',
39 silly install resolved     _npmVersion: '8.19.2',
39 silly install resolved     dist: {
39 silly install resolved       integrity: 'sha512-qe7LOa0UTf/QQmeEtcoom/ujDdANj5XbgCOJuGnB2rGRx+xzReLfLbOrtSfb/2BM3rKHKGmmL940pyUq6f3ncg==',
39 silly install resolved       shasum: '1cdf2bf3bc6ca7b2a8acb5ec97fbffd67d29ab8e',
39 silly install resolved       tarball: 'https://registry.npmjs.org/expo-cli/-/expo-cli-6.3.10.tgz',
39 silly install resolved       fileCount: 688,
39 silly install resolved       unpackedSize: 2934679,
39 silly install resolved       signatures: [Array]
39 silly install resolved     },
39 silly install resolved     _npmUser: { name: 'brentvatne', email: 'brentvatne@gmail.com' },
39 silly install resolved     directories: {},
39 silly install resolved     maintainers: [
39 silly install resolved       [Object], [Object], [Object],
39 silly install resolved       [Object], [Object], [Object],
39 silly install resolved       [Object], [Object], [Object],
39 silly install resolved       [Object], [Object], [Object],
39 silly install resolved       [Object], [Object], [Object],
39 silly install resolved       [Object], [Object], [Object],
39 silly install resolved       [Object], [Object], [Object],
39 silly install resolved       [Object], [Object], [Object],
39 silly install resolved       [Object], [Object], [Object],
39 silly install resolved       [Object], [Object], [Object],
39 silly install resolved       [Object], [Object], [Object]
39 silly install resolved     ],
39 silly install resolved     _npmOperationalInternal: {
39 silly install resolved       host: 's3://npm-registry-packages',
39 silly install resolved       tmp: 'tmp/expo-cli_6.3.10_1688584073268_0.999265258002642'
39 silly install resolved     },
39 silly install resolved     _hasShrinkwrap: false,
39 silly install resolved     deprecated: "The global Expo CLI has been superseded by 'npx expo' and eas-cli –– Learn more: https://blog.expo.dev/the-new-expo-cli-f4250d8e3421",
39 silly install resolved     _shasum: '1cdf2bf3bc6ca7b2a8acb5ec97fbffd67d29ab8e',
39 silly install resolved     _resolved: 'https://registry.npmjs.org/expo-cli/-/expo-cli-6.3.10.tgz',
39 silly install resolved     _from: 'expo-cli@latest',
39 silly install resolved     readme: 'ERROR: No README data found!'
39 silly install resolved   }
39 silly install resolved ]
40 info install expo-cli@6.3.10 into /usr/local/lib
41 info installOne expo-cli@6.3.10
42 verbose installOne of expo-cli to /usr/local/lib not in flight; installing
43 verbose correctMkdir /home/synelixis/.npm/_locks correctMkdir not in flight; initializing
44 verbose lock using /home/synelixis/.npm/_locks/expo-cli-74a06be3c50d1493.lock for /usr/local/lib/node_modules/expo-cli
45 silly install write writing expo-cli 6.3.10 to /usr/local/lib/node_modules/expo-cli
46 verbose unbuild lib/node_modules/expo-cli
47 silly gentlyRm /usr/local/lib/node_modules/expo-cli is being purged from base /usr/local
48 verbose gentlyRm don't care about contents; nuking /usr/local/lib/node_modules/expo-cli
49 verbose tar unpack /home/synelixis/.npm/expo-cli/6.3.10/package.tgz
50 verbose tar unpacking to /usr/local/lib/node_modules/expo-cli
51 silly gentlyRm /usr/local/lib/node_modules/expo-cli is being purged
52 verbose gentlyRm don't care about contents; nuking /usr/local/lib/node_modules/expo-cli
53 silly gunzTarPerm modes [ '775', '664' ]
54 error tar.unpack untar error /home/synelixis/.npm/expo-cli/6.3.10/package.tgz
55 verbose unlock done using /home/synelixis/.npm/_locks/expo-cli-74a06be3c50d1493.lock for /usr/local/lib/node_modules/expo-cli
56 verbose fstream_path /usr/local/lib/node_modules/expo-cli
57 verbose fstream_type Directory
58 verbose fstream_class DirWriter
59 verbose stack Error: EACCES: permission denied, mkdir '/usr/local/lib/node_modules'
60 verbose fstream_stack /home/synelixis/Desktop/Seminars/node_modules/npm/node_modules/fstream/lib/writer.js:171:25
60 verbose fstream_stack /home/synelixis/Desktop/Seminars/node_modules/npm/node_modules/mkdirp/index.js:47:53
60 verbose fstream_stack FSReqCallback.oncomplete (fs.js:168:21)
61 verbose cwd /home/synelixis/Desktop/Seminars/React Native/starting-project
62 error Linux 6.5.0-27-generic
63 error argv "/usr/bin/node" "/home/synelixis/Desktop/Seminars/node_modules/.bin/npm" "install" "--global" "--loglevel" "error" "expo-cli"
64 error node v12.22.9
65 error npm  v2.15.12
66 error path /usr/local/lib/node_modules
67 error code EACCES
68 error errno -13
69 error syscall mkdir
70 error Error: EACCES: permission denied, mkdir '/usr/local/lib/node_modules'
70 error  [Error: EACCES: permission denied, mkdir '/usr/local/lib/node_modules'] {
70 error   errno: -13,
70 error   code: 'EACCES',
70 error   syscall: 'mkdir',
70 error   path: '/usr/local/lib/node_modules',
70 error   fstream_type: 'Directory',
70 error   fstream_path: '/usr/local/lib/node_modules/expo-cli',
70 error   fstream_class: 'DirWriter',
70 error   fstream_stack: [
70 error     '/home/synelixis/Desktop/Seminars/node_modules/npm/node_modules/fstream/lib/writer.js:171:25',
70 error     '/home/synelixis/Desktop/Seminars/node_modules/npm/node_modules/mkdirp/index.js:47:53',
70 error     'FSReqCallback.oncomplete (fs.js:168:21)'
70 error   ]
70 error }
71 error Please try running this command again as root/Administrator.
72 verbose exit [ -13, true ]
73 verbose unbuild lib/node_modules/expo-cli
74 silly gentlyRm /usr/local/lib/node_modules/expo-cli is being purged from base /usr/local
75 verbose gentlyRm don't care about contents; nuking /usr/local/lib/node_modules/expo-cli
